<?xml version="1.0" encoding="UTF-8"?>
<!-- Generated by org.testng.reporters.JUnitReportReporter -->
<testsuite hostname="Kumars-MacBook-Pro.local" failures="0" tests="2" name="com.shaku.PesronGetList" time="0.140" errors="0" timestamp="2021-08-12T07:59:31 PDT" skipped="0">
  <testcase classname="com.shaku.PesronGetList" name="testGetUser_200" time="0.097"/>
  <system-out/>
  <testcase classname="com.shaku.PesronGetList" name="testGetUser" time="0.043"/>
  <system-out/>
</testsuite> <!-- com.shaku.PesronGetList -->
