<?xml version="1.0" encoding="UTF-8"?>
<!-- Generated by org.testng.reporters.JUnitReportReporter -->
<testsuite hostname="Kumars-MacBook-Pro.local" failures="0" tests="2" name="com.shaku.GetInvoiceTest" time="6.521" errors="0" timestamp="2021-08-12T19:47:34 PDT" skipped="0">
  <testcase classname="com.shaku.GetInvoiceTest" name="testGetInvoicer_200" time="0.113"/>
  <system-out/>
  <testcase classname="com.shaku.GetInvoiceTest" name="testGetInvoice" time="6.408"/>
  <system-out/>
</testsuite> <!-- com.shaku.GetInvoiceTest -->
