<?xml version="1.0" encoding="UTF-8"?>
<!-- Generated by org.testng.reporters.JUnitReportReporter -->
<testsuite hostname="Kumars-MacBook-Pro.local" failures="0" tests="2" name="com.shaku.AddPersonTest" time="6.905" errors="0" timestamp="2021-08-12T07:59:31 PDT" skipped="0">
  <testcase classname="com.shaku.AddPersonTest" name="testAddUser_200" time="0.073"/>
  <system-out/>
  <testcase classname="com.shaku.AddPersonTest" name="testAddUser" time="6.832"/>
  <system-out/>
</testsuite> <!-- com.shaku.AddPersonTest -->
